13:18:00.756 [main] INFO  testCases.TC_001_AccountRegistrationTest - ***  Starting TC_001_AccountRegistrationTest *** 
13:18:01.256 [main] INFO  testCases.TC_001_AccountRegistrationTest - Clicked on My account link
13:18:01.688 [main] INFO  testCases.TC_001_AccountRegistrationTest - Clicked on register link
13:18:01.693 [main] INFO  testCases.TC_001_AccountRegistrationTest - providing customer data
13:18:04.685 [main] INFO  testCases.TC_001_AccountRegistrationTest - Clicked on continue
13:18:04.732 [main] INFO  testCases.TC_001_AccountRegistrationTest - validating expected message
13:18:04.734 [main] INFO  testCases.TC_001_AccountRegistrationTest - ***  Finished TC_001_AccountRegistrationTest *** 
13:26:34.006 [main] DEBUG io.netty.util.internal.logging.InternalLoggerFactory - Using Log4J2 as the default logging framework
13:26:34.020 [main] DEBUG io.netty.util.ResourceLeakDetector - -Dio.netty.leakDetection.level: simple
13:26:34.020 [main] DEBUG io.netty.util.ResourceLeakDetector - -Dio.netty.leakDetection.targetRecords: 4
13:26:34.026 [main] DEBUG io.netty.util.ResourceLeakDetectorFactory - Loaded default ResourceLeakDetector: io.netty.util.ResourceLeakDetector@2c43eb8
13:26:34.046 [main] DEBUG io.netty.util.internal.PlatformDependent0 - -Dio.netty.noUnsafe: false
13:26:34.046 [main] DEBUG io.netty.util.internal.PlatformDependent0 - Java version: 17
13:26:34.047 [main] DEBUG io.netty.util.internal.PlatformDependent0 - sun.misc.Unsafe.theUnsafe: available
13:26:34.047 [main] DEBUG io.netty.util.internal.PlatformDependent0 - sun.misc.Unsafe.copyMemory: available
13:26:34.048 [main] DEBUG io.netty.util.internal.PlatformDependent0 - sun.misc.Unsafe.storeFence: available
13:26:34.048 [main] DEBUG io.netty.util.internal.PlatformDependent0 - java.nio.Buffer.address: available
13:26:34.049 [main] DEBUG io.netty.util.internal.PlatformDependent0 - direct buffer constructor: unavailable: Reflective setAccessible(true) disabled
13:26:34.050 [main] DEBUG io.netty.util.internal.PlatformDependent0 - java.nio.Bits.unaligned: available, true
13:26:34.051 [main] DEBUG io.netty.util.internal.PlatformDependent0 - jdk.internal.misc.Unsafe.allocateUninitializedArray(int): unavailable: class io.netty.util.internal.PlatformDependent0$7 cannot access class jdk.internal.misc.Unsafe (in module java.base) because module java.base does not export jdk.internal.misc to unnamed module @3551a94
13:26:34.052 [main] DEBUG io.netty.util.internal.PlatformDependent0 - java.nio.DirectByteBuffer.<init>(long, int): unavailable
13:26:34.052 [main] DEBUG io.netty.util.internal.PlatformDependent - sun.misc.Unsafe: available
13:26:34.053 [main] DEBUG io.netty.util.internal.PlatformDependent - maxDirectMemory: 2111832064 bytes (maybe)
13:26:34.053 [main] DEBUG io.netty.util.internal.PlatformDependent - -Dio.netty.tmpdir: C:\Users\AADYAS~1\AppData\Local\Temp (java.io.tmpdir)
13:26:34.053 [main] DEBUG io.netty.util.internal.PlatformDependent - -Dio.netty.bitMode: 64 (sun.arch.data.model)
13:26:34.054 [main] DEBUG io.netty.util.internal.PlatformDependent - Platform: Windows
13:26:34.055 [main] DEBUG io.netty.util.internal.PlatformDependent - -Dio.netty.maxDirectMemory: -1 bytes
13:26:34.056 [main] DEBUG io.netty.util.internal.PlatformDependent - -Dio.netty.uninitializedArrayAllocationThreshold: -1
13:26:34.057 [main] DEBUG io.netty.util.internal.CleanerJava9 - java.nio.ByteBuffer.cleaner(): available
13:26:34.057 [main] DEBUG io.netty.util.internal.PlatformDependent - -Dio.netty.noPreferDirect: false
13:26:34.067 [main] DEBUG io.netty.util.internal.PlatformDependent - org.jctools-core.MpscChunkedArrayQueue: available
13:26:34.084 [main] DEBUG io.netty.util.internal.InternalThreadLocalMap - -Dio.netty.threadLocalMap.stringBuilder.initialSize: 1024
13:26:34.084 [main] DEBUG io.netty.util.internal.InternalThreadLocalMap - -Dio.netty.threadLocalMap.stringBuilder.maxSize: 4096
13:26:34.144 [main] DEBUG io.netty.handler.ssl.JdkSslContext - Default protocols (JDK): [TLSv1.3, TLSv1.2] 
13:26:34.144 [main] DEBUG io.netty.handler.ssl.JdkSslContext - Default cipher suites (JDK): [TLS_ECDHE_ECDSA_WITH_AES_256_GCM_SHA384, TLS_ECDHE_ECDSA_WITH_AES_128_GCM_SHA256, TLS_ECDHE_RSA_WITH_AES_128_GCM_SHA256, TLS_ECDHE_RSA_WITH_AES_256_GCM_SHA384, TLS_ECDHE_RSA_WITH_AES_128_CBC_SHA, TLS_ECDHE_RSA_WITH_AES_256_CBC_SHA, TLS_RSA_WITH_AES_128_GCM_SHA256, TLS_RSA_WITH_AES_128_CBC_SHA, TLS_RSA_WITH_AES_256_CBC_SHA, TLS_AES_128_GCM_SHA256, TLS_AES_256_GCM_SHA384]
13:26:34.176 [main] DEBUG io.netty.channel.MultithreadEventLoopGroup - -Dio.netty.eventLoopThreads: 16
13:26:34.186 [main] DEBUG io.netty.channel.nio.NioEventLoop - -Dio.netty.noKeySetOptimization: false
13:26:34.186 [main] DEBUG io.netty.channel.nio.NioEventLoop - -Dio.netty.selectorAutoRebuildThreshold: 512
13:26:34.249 [main] DEBUG io.netty.buffer.PooledByteBufAllocator - -Dio.netty.allocator.numHeapArenas: 16
13:26:34.249 [main] DEBUG io.netty.buffer.PooledByteBufAllocator - -Dio.netty.allocator.numDirectArenas: 16
13:26:34.249 [main] DEBUG io.netty.buffer.PooledByteBufAllocator - -Dio.netty.allocator.pageSize: 8192
13:26:34.249 [main] DEBUG io.netty.buffer.PooledByteBufAllocator - -Dio.netty.allocator.maxOrder: 9
13:26:34.249 [main] DEBUG io.netty.buffer.PooledByteBufAllocator - -Dio.netty.allocator.chunkSize: 4194304
13:26:34.250 [main] DEBUG io.netty.buffer.PooledByteBufAllocator - -Dio.netty.allocator.smallCacheSize: 256
13:26:34.250 [main] DEBUG io.netty.buffer.PooledByteBufAllocator - -Dio.netty.allocator.normalCacheSize: 64
13:26:34.250 [main] DEBUG io.netty.buffer.PooledByteBufAllocator - -Dio.netty.allocator.maxCachedBufferCapacity: 32768
13:26:34.250 [main] DEBUG io.netty.buffer.PooledByteBufAllocator - -Dio.netty.allocator.cacheTrimInterval: 8192
13:26:34.250 [main] DEBUG io.netty.buffer.PooledByteBufAllocator - -Dio.netty.allocator.cacheTrimIntervalMillis: 0
13:26:34.250 [main] DEBUG io.netty.buffer.PooledByteBufAllocator - -Dio.netty.allocator.useCacheForAllThreads: false
13:26:34.250 [main] DEBUG io.netty.buffer.PooledByteBufAllocator - -Dio.netty.allocator.maxCachedByteBuffersPerChunk: 1023
13:26:34.262 [main] DEBUG io.netty.buffer.ByteBufUtil - -Dio.netty.allocator.type: pooled
13:26:34.262 [main] DEBUG io.netty.buffer.ByteBufUtil - -Dio.netty.threadLocalDirectBufferSize: 0
13:26:34.263 [main] DEBUG io.netty.buffer.ByteBufUtil - -Dio.netty.maxThreadLocalCharBufferSize: 16384
13:26:34.649 [Forwarding newSession on session null to remote] DEBUG io.netty.channel.DefaultChannelId - -Dio.netty.processId: 23372 (auto-detected)
13:26:34.651 [Forwarding newSession on session null to remote] DEBUG io.netty.util.NetUtil - -Djava.net.preferIPv4Stack: false
13:26:34.651 [Forwarding newSession on session null to remote] DEBUG io.netty.util.NetUtil - -Djava.net.preferIPv6Addresses: false
13:26:34.662 [Forwarding newSession on session null to remote] DEBUG io.netty.util.NetUtilInitializations - Loopback interface: lo (Software Loopback Interface 1, 127.0.0.1)
13:26:34.664 [Forwarding newSession on session null to remote] DEBUG io.netty.util.NetUtil - Failed to get SOMAXCONN from sysctl and file \proc\sys\net\core\somaxconn. Default: 200
13:26:34.691 [Forwarding newSession on session null to remote] DEBUG io.netty.channel.DefaultChannelId - -Dio.netty.machineId: 94:b8:6d:ff:fe:b0:af:ae (auto-detected)
13:26:34.753 [AsyncHttpClient-1-2] DEBUG io.netty.buffer.AbstractByteBuf - -Dio.netty.buffer.checkAccessible: true
13:26:34.753 [AsyncHttpClient-1-2] DEBUG io.netty.buffer.AbstractByteBuf - -Dio.netty.buffer.checkBounds: true
13:26:34.753 [AsyncHttpClient-1-2] DEBUG io.netty.util.ResourceLeakDetectorFactory - Loaded default ResourceLeakDetector: io.netty.util.ResourceLeakDetector@5291fb86
13:26:34.786 [AsyncHttpClient-1-2] DEBUG io.netty.util.Recycler - -Dio.netty.recycler.maxCapacityPerThread: 4096
13:26:34.786 [AsyncHttpClient-1-2] DEBUG io.netty.util.Recycler - -Dio.netty.recycler.ratio: 8
13:26:34.786 [AsyncHttpClient-1-2] DEBUG io.netty.util.Recycler - -Dio.netty.recycler.chunkSize: 32
13:26:34.786 [AsyncHttpClient-1-2] DEBUG io.netty.util.Recycler - -Dio.netty.recycler.blocking: false
13:26:35.573 [AsyncHttpClient-1-2] DEBUG io.netty.handler.codec.compression.Brotli - brotli4j not in the classpath; Brotli support will be unavailable.
13:26:35.726 [main] DEBUG io.netty.util.internal.ThreadLocalRandom - -Dio.netty.initialSeedUniquifier: 0x9a5b0fdf5cc60592
13:26:36.539 [main] DEBUG testCases.TC_001_AccountRegistrationTest - Application logs......
13:26:36.539 [main] INFO  testCases.TC_001_AccountRegistrationTest - ***  Starting TC_001_AccountRegistrationTest *** 
13:26:37.011 [main] INFO  testCases.TC_001_AccountRegistrationTest - Clicked on My account link
13:26:37.450 [main] INFO  testCases.TC_001_AccountRegistrationTest - Clicked on register link
13:26:37.453 [main] INFO  testCases.TC_001_AccountRegistrationTest - providing customer data
13:26:40.484 [main] INFO  testCases.TC_001_AccountRegistrationTest - Clicked on continue
13:26:40.528 [main] INFO  testCases.TC_001_AccountRegistrationTest - validating expected message
13:26:40.531 [main] INFO  testCases.TC_001_AccountRegistrationTest - ***  Finished TC_001_AccountRegistrationTest *** 
10:18:34.648 [main] INFO  testCases.TC_001_AccountRegistrationTest - ***  Starting TC_001_AccountRegistrationTest *** 
10:18:35.245 [main] INFO  testCases.TC_001_AccountRegistrationTest - Clicked on My account link
10:18:36.040 [main] INFO  testCases.TC_001_AccountRegistrationTest - Clicked on register link
10:18:36.056 [main] INFO  testCases.TC_001_AccountRegistrationTest - providing customer data
10:18:39.536 [main] INFO  testCases.TC_001_AccountRegistrationTest - Clicked on continue
10:18:39.586 [main] INFO  testCases.TC_001_AccountRegistrationTest - validating expected message
10:18:39.600 [main] INFO  testCases.TC_001_AccountRegistrationTest - ***  Finished TC_001_AccountRegistrationTest *** 
10:36:43.818 [main] INFO  testCases.TC_001_AccountRegistrationTest - ***  Starting TC_001_AccountRegistrationTest *** 
10:36:43.919 [main] INFO  testCases.TC_001_AccountRegistrationTest - Clicked on My account link
10:36:44.368 [main] INFO  testCases.TC_001_AccountRegistrationTest - Clicked on register link
10:36:44.370 [main] INFO  testCases.TC_001_AccountRegistrationTest - providing customer data
10:36:47.495 [main] INFO  testCases.TC_001_AccountRegistrationTest - Clicked on continue
10:36:47.537 [main] INFO  testCases.TC_001_AccountRegistrationTest - validating expected message
10:36:47.538 [main] INFO  testCases.TC_001_AccountRegistrationTest - ***  Finished TC_001_AccountRegistrationTest *** 
10:43:43.567 [TestNG-tests-1] INFO  testCases.TC_001_AccountRegistrationTest - ***  Starting TC_001_AccountRegistrationTest *** 
10:43:44.173 [TestNG-tests-1] INFO  testCases.TC_001_AccountRegistrationTest - Clicked on My account link
10:43:44.824 [TestNG-tests-1] INFO  testCases.TC_001_AccountRegistrationTest - Clicked on register link
10:43:44.829 [TestNG-tests-1] INFO  testCases.TC_001_AccountRegistrationTest - providing customer data
10:43:46.501 [TestNG-tests-2] INFO  testCases.TC_001_AccountRegistrationTest - ***  Starting TC_001_AccountRegistrationTest *** 
10:43:46.583 [TestNG-tests-2] INFO  testCases.TC_001_AccountRegistrationTest - Clicked on My account link
10:43:47.106 [TestNG-tests-2] INFO  testCases.TC_001_AccountRegistrationTest - Clicked on register link
10:43:47.109 [TestNG-tests-2] INFO  testCases.TC_001_AccountRegistrationTest - providing customer data
10:43:48.275 [TestNG-tests-1] INFO  testCases.TC_001_AccountRegistrationTest - Clicked on continue
10:43:48.317 [TestNG-tests-1] INFO  testCases.TC_001_AccountRegistrationTest - validating expected message
10:43:48.321 [TestNG-tests-1] INFO  testCases.TC_001_AccountRegistrationTest - ***  Finished TC_001_AccountRegistrationTest *** 
10:43:50.218 [TestNG-tests-2] INFO  testCases.TC_001_AccountRegistrationTest - Clicked on continue
10:43:50.259 [TestNG-tests-2] INFO  testCases.TC_001_AccountRegistrationTest - validating expected message
10:43:50.259 [TestNG-tests-2] INFO  testCases.TC_001_AccountRegistrationTest - ***  Finished TC_001_AccountRegistrationTest *** 
11:02:15.672 [main] INFO  testCases.TC_001_AccountRegistrationTest - ***  Starting TC_001_AccountRegistrationTest *** 
11:02:16.162 [main] INFO  testCases.TC_001_AccountRegistrationTest - Clicked on My account link
11:02:16.637 [main] INFO  testCases.TC_001_AccountRegistrationTest - Clicked on register link
11:02:16.642 [main] INFO  testCases.TC_001_AccountRegistrationTest - providing customer data
11:02:19.770 [main] INFO  testCases.TC_001_AccountRegistrationTest - Clicked on continue
11:02:19.815 [main] INFO  testCases.TC_001_AccountRegistrationTest - validating expected message
11:02:19.817 [main] INFO  testCases.TC_001_AccountRegistrationTest - ***  Finished TC_001_AccountRegistrationTest *** 
11:40:27.760 [main] INFO  testCases.TC_001_AccountRegistrationTest - ***  Starting TC_001_AccountRegistrationTest *** 
11:40:28.256 [main] INFO  testCases.TC_001_AccountRegistrationTest - Clicked on My account link
11:40:28.730 [main] INFO  testCases.TC_001_AccountRegistrationTest - Clicked on register link
11:40:28.735 [main] INFO  testCases.TC_001_AccountRegistrationTest - providing customer data
11:40:31.875 [main] INFO  testCases.TC_001_AccountRegistrationTest - Clicked on continue
11:40:31.924 [main] INFO  testCases.TC_001_AccountRegistrationTest - validating expected message
11:40:31.927 [main] INFO  testCases.TC_001_AccountRegistrationTest - ***  Finished TC_001_AccountRegistrationTest *** 
11:42:44.496 [main] INFO  testCases.TC_001_AccountRegistrationTest - ***  Starting TC_001_AccountRegistrationTest *** 
11:42:44.976 [main] INFO  testCases.TC_001_AccountRegistrationTest - Clicked on My account link
11:42:45.397 [main] INFO  testCases.TC_001_AccountRegistrationTest - Clicked on register link
11:42:45.402 [main] INFO  testCases.TC_001_AccountRegistrationTest - providing customer data
11:42:46.331 [main] INFO  testCases.TC_001_AccountRegistrationTest - Clicked on continue
11:42:56.393 [main] INFO  testCases.TC_001_AccountRegistrationTest - validating expected message
12:31:02.788 [main] INFO  testCases.TC_002_LoginTest - ****starting TC_002_LoginTest *****
12:31:03.424 [main] INFO  testCases.TC_002_LoginTest - clicked on my account
12:31:03.807 [main] INFO  testCases.TC_002_LoginTest - clicked on login
12:31:03.809 [main] INFO  testCases.TC_002_LoginTest - providing login details
12:31:04.414 [main] INFO  testCases.TC_002_LoginTest - clicked on login button
12:31:04.467 [main] INFO  testCases.TC_002_LoginTest - **** finished TC_002_LoginTest****
10:49:50.679 [main] INFO  testCases.TC_001_AccountRegistrationTest - ***  Starting TC_001_AccountRegistrationTest *** 
10:49:51.149 [main] INFO  testCases.TC_001_AccountRegistrationTest - Clicked on My account link
10:49:51.831 [main] INFO  testCases.TC_001_AccountRegistrationTest - Clicked on register link
10:49:51.844 [main] INFO  testCases.TC_001_AccountRegistrationTest - providing customer data
10:49:55.184 [main] INFO  testCases.TC_001_AccountRegistrationTest - Clicked on continue
10:49:55.234 [main] INFO  testCases.TC_001_AccountRegistrationTest - validating expected message
10:49:55.236 [main] INFO  testCases.TC_001_AccountRegistrationTest - ***  Finished TC_001_AccountRegistrationTest *** 
10:49:57.039 [main] INFO  testCases.TC_002_LoginTest - ****starting TC_002_LoginTest *****
10:49:57.501 [main] INFO  testCases.TC_002_LoginTest - clicked on my account
10:49:57.925 [main] INFO  testCases.TC_002_LoginTest - clicked on login
10:49:57.935 [main] INFO  testCases.TC_002_LoginTest - providing login details
10:49:58.637 [main] INFO  testCases.TC_002_LoginTest - clicked on login button
10:49:58.706 [main] INFO  testCases.TC_002_LoginTest - **** finished TC_002_LoginTest****
11:59:11.187 [main] INFO  testCases.TC_002_LoginTest - ****starting TC_002_LoginTest *****
11:59:11.683 [main] INFO  testCases.TC_002_LoginTest - clicked on my account
11:59:12.070 [main] INFO  testCases.TC_002_LoginTest - clicked on login
11:59:12.071 [main] INFO  testCases.TC_002_LoginTest - providing login details
11:59:12.697 [main] INFO  testCases.TC_002_LoginTest - clicked on login button
11:59:12.760 [main] INFO  testCases.TC_002_LoginTest - **** finished TC_002_LoginTest****
12:01:56.117 [main] INFO  testCases.TC_001_AccountRegistrationTest - ***  Starting TC_001_AccountRegistrationTest *** 
12:01:56.603 [main] INFO  testCases.TC_001_AccountRegistrationTest - Clicked on My account link
12:01:57.066 [main] INFO  testCases.TC_001_AccountRegistrationTest - Clicked on register link
12:01:57.069 [main] INFO  testCases.TC_001_AccountRegistrationTest - providing customer data
12:02:00.159 [main] INFO  testCases.TC_001_AccountRegistrationTest - Clicked on continue
12:02:00.202 [main] INFO  testCases.TC_001_AccountRegistrationTest - validating expected message
12:02:00.205 [main] INFO  testCases.TC_001_AccountRegistrationTest - ***  Finished TC_001_AccountRegistrationTest *** 
12:02:02.092 [main] INFO  testCases.TC_002_LoginTest - ****starting TC_002_LoginTest *****
12:02:02.595 [main] INFO  testCases.TC_002_LoginTest - clicked on my account
12:02:02.956 [main] INFO  testCases.TC_002_LoginTest - clicked on login
12:02:02.958 [main] INFO  testCases.TC_002_LoginTest - providing login details
12:02:03.511 [main] INFO  testCases.TC_002_LoginTest - clicked on login button
12:02:03.564 [main] INFO  testCases.TC_002_LoginTest - **** finished TC_002_LoginTest****
12:32:26.430 [main] INFO  testCases.TC_001_AccountRegistrationTest - ***  Starting TC_001_AccountRegistrationTest *** 
12:32:26.944 [main] INFO  testCases.TC_001_AccountRegistrationTest - Clicked on My account link
12:32:27.573 [main] INFO  testCases.TC_001_AccountRegistrationTest - Clicked on register link
12:32:27.576 [main] INFO  testCases.TC_001_AccountRegistrationTest - providing customer data
12:32:30.805 [main] INFO  testCases.TC_001_AccountRegistrationTest - Clicked on continue
12:32:30.856 [main] INFO  testCases.TC_001_AccountRegistrationTest - validating expected message
12:32:30.859 [main] INFO  testCases.TC_001_AccountRegistrationTest - ***  Finished TC_001_AccountRegistrationTest *** 
12:32:32.913 [main] INFO  testCases.TC_002_LoginTest - ****starting TC_002_LoginTest *****
12:32:33.422 [main] INFO  testCases.TC_002_LoginTest - clicked on my account
12:32:33.857 [main] INFO  testCases.TC_002_LoginTest - clicked on login
12:32:33.860 [main] INFO  testCases.TC_002_LoginTest - providing login details
12:32:34.552 [main] INFO  testCases.TC_002_LoginTest - clicked on login button
12:32:34.603 [main] INFO  testCases.TC_002_LoginTest - **** finished TC_002_LoginTest****
12:40:08.256 [main] INFO  testCases.TC_001_AccountRegistrationTest - ***  Starting TC_001_AccountRegistrationTest *** 
12:40:08.713 [main] INFO  testCases.TC_001_AccountRegistrationTest - Clicked on My account link
12:40:09.113 [main] INFO  testCases.TC_001_AccountRegistrationTest - Clicked on register link
12:40:09.117 [main] INFO  testCases.TC_001_AccountRegistrationTest - providing customer data
12:40:12.152 [main] INFO  testCases.TC_001_AccountRegistrationTest - Clicked on continue
12:40:12.191 [main] INFO  testCases.TC_001_AccountRegistrationTest - validating expected message
12:40:12.194 [main] INFO  testCases.TC_001_AccountRegistrationTest - ***  Finished TC_001_AccountRegistrationTest *** 
12:40:14.004 [main] INFO  testCases.TC_002_LoginTest - ****starting TC_002_LoginTest *****
12:40:14.507 [main] INFO  testCases.TC_002_LoginTest - clicked on my account
12:40:14.859 [main] INFO  testCases.TC_002_LoginTest - clicked on login
12:40:14.861 [main] INFO  testCases.TC_002_LoginTest - providing login details
12:40:15.422 [main] INFO  testCases.TC_002_LoginTest - clicked on login button
12:40:15.470 [main] INFO  testCases.TC_002_LoginTest - **** finished TC_002_LoginTest****
